<?xml version="1.0" encoding="UTF-8"?>
<testng-results ignored="0" total="2" passed="2" failed="0" skipped="0">
  <reporter-output>
  </reporter-output>
  <suite started-at="2024-04-08T01:18:04 IST" name="Default suite" finished-at="2024-04-08T01:18:24 IST" duration-ms="19840">
    <groups>
    </groups>
    <test started-at="2024-04-08T01:18:04 IST" name="Default test" finished-at="2024-04-08T01:18:24 IST" duration-ms="19840">
      <class name="package1.LaunchBrowser">
        <test-method signature="myTest(java.lang.String,java.lang.String)[pri:0, instance:package1.LaunchBrowser@5ddeb7cb]" started-at="2024-04-08T01:18:04 IST" name="myTest" data-provider="data-provider" finished-at="2024-04-08T01:18:16 IST" duration-ms="11887" status="PASS">
          <params>
            <param index="0">
              <value>
                <![CDATA[First-Value]]>
              </value>
            </param>
            <param index="1">
              <value>
                <![CDATA[Hello]]>
              </value>
            </param>
          </params>
          <reporter-output>
          </reporter-output>
        </test-method> <!-- myTest -->
        <test-method signature="myTest(java.lang.String,java.lang.String)[pri:0, instance:package1.LaunchBrowser@5ddeb7cb]" started-at="2024-04-08T01:18:16 IST" name="myTest" data-provider="data-provider" finished-at="2024-04-08T01:18:24 IST" duration-ms="7863" status="PASS">
          <params>
            <param index="0">
              <value>
                <![CDATA[student]]>
              </value>
            </param>
            <param index="1">
              <value>
                <![CDATA[Password123]]>
              </value>
            </param>
          </params>
          <reporter-output>
          </reporter-output>
        </test-method> <!-- myTest -->
      </class> <!-- package1.LaunchBrowser -->
    </test> <!-- Default test -->
  </suite> <!-- Default suite -->
</testng-results>
